{
  "0 debug pnpm:scope": {
    "selected": 1
  },
  "1 debug pnpm:package-manifest": {
    "initial": {
      "name": "sinatra-fe",
      "version": "0.0.1",
      "license": "MIT",
      "scripts": {
        "dev": "vite dev --port 5000",
        "build": "vite build",
        "package": "svelte-kit package",
        "preview": "vite preview",
        "prepare": "svelte-kit sync",
        "test": "playwright test",
        "check": "svelte-check --tsconfig ./tsconfig.json",
        "check:watch": "svelte-check --tsconfig ./tsconfig.json --watch",
        "lint": "prettier --check --plugin-search-dir=. . && eslint .",
        "format": "prettier --write --plugin-search-dir=. ."
      },
      "devDependencies": {
        "@playwright/test": "^1.22.2",
        "@sveltejs/adapter-auto": "next",
        "@sveltejs/kit": "next",
        "@typescript-eslint/eslint-plugin": "^5.27.0",
        "@typescript-eslint/parser": "^5.27.0",
        "eslint": "^8.16.0",
        "eslint-config-prettier": "^8.3.0",
        "eslint-plugin-svelte3": "^4.0.0",
        "prettier": "^2.6.2",
        "prettier-plugin-svelte": "^2.7.0",
        "svelte": "^3.44.0",
        "svelte-check": "^2.7.1",
        "svelte-preprocess": "^4.10.6",
        "tslib": "^2.3.1",
        "typescript": "^4.7.4",
        "vite": "^3.0.0"
      },
      "type": "module",
      "volta": {
        "node": "16.0.0"
      }
    },
    "prefix": "/Users/zane/Documents/bantu/sinatra-fe"
  },
  "2 debug pnpm:context": {
    "currentLockfileExists": false,
    "storeDir": "/Users/zane/Library/pnpm/store/v3",
    "virtualStoreDir": "/Users/zane/Documents/bantu/sinatra-fe/node_modules/.pnpm"
  },
  "3 debug pnpm:stage": {
    "prefix": "/Users/zane/Documents/bantu/sinatra-fe",
    "stage": "resolution_started"
  },
  "4 debug pnpm:_dependency_resolved": {
    "resolution": "registry.npmjs.org/eslint-plugin-svelte3/4.0.0",
    "wanted": {
      "dependentId": ".",
      "name": "eslint-plugin-svelte3",
      "rawSpec": "^4.0.0"
    }
  },
  "5 debug pnpm:progress": {
    "packageId": "registry.npmjs.org/eslint-plugin-svelte3/4.0.0",
    "requester": "/Users/zane/Documents/bantu/sinatra-fe",
    "status": "resolved"
  },
  "6 debug pnpm:progress": {
    "packageId": "registry.npmjs.org/eslint-plugin-svelte3/4.0.0",
    "requester": "/Users/zane/Documents/bantu/sinatra-fe",
    "status": "found_in_store"
  },
  "7 debug pnpm:_dependency_resolved": {
    "resolution": "registry.npmjs.org/svelte-preprocess/4.10.7",
    "wanted": {
      "dependentId": ".",
      "name": "svelte-preprocess",
      "rawSpec": "^4.10.6"
    }
  },
  "8 debug pnpm:progress": {
    "packageId": "registry.npmjs.org/svelte-preprocess/4.10.7",
    "requester": "/Users/zane/Documents/bantu/sinatra-fe",
    "status": "resolved"
  },
  "9 debug pnpm:progress": {
    "packageId": "registry.npmjs.org/svelte-preprocess/4.10.7",
    "requester": "/Users/zane/Documents/bantu/sinatra-fe",
    "status": "found_in_store"
  },
  "10 debug pnpm:_dependency_resolved": {
    "resolution": "registry.npmjs.org/prettier/2.7.1",
    "wanted": {
      "dependentId": ".",
      "name": "prettier",
      "rawSpec": "^2.6.2"
    }
  },
  "11 debug pnpm:progress": {
    "packageId": "registry.npmjs.org/prettier/2.7.1",
    "requester": "/Users/zane/Documents/bantu/sinatra-fe",
    "status": "resolved"
  },
  "12 debug pnpm:progress": {
    "packageId": "registry.npmjs.org/prettier/2.7.1",
    "requester": "/Users/zane/Documents/bantu/sinatra-fe",
    "status": "found_in_store"
  },
  "13 debug pnpm:_dependency_resolved": {
    "resolution": "registry.npmjs.org/@sveltejs/adapter-auto/1.0.0-next.63",
    "wanted": {
      "dependentId": ".",
      "name": "@sveltejs/adapter-auto",
      "rawSpec": "next"
    }
  },
  "14 debug pnpm:progress": {
    "packageId": "registry.npmjs.org/@sveltejs/adapter-auto/1.0.0-next.63",
    "requester": "/Users/zane/Documents/bantu/sinatra-fe",
    "status": "resolved"
  },
  "15 debug pnpm:_dependency_resolved": {
    "resolution": "registry.npmjs.org/svelte-check/2.8.0",
    "wanted": {
      "dependentId": ".",
      "name": "svelte-check",
      "rawSpec": "^2.7.1"
    }
  },
  "16 debug pnpm:progress": {
    "packageId": "registry.npmjs.org/svelte-check/2.8.0",
    "requester": "/Users/zane/Documents/bantu/sinatra-fe",
    "status": "resolved"
  },
  "17 debug pnpm:progress": {
    "packageId": "registry.npmjs.org/svelte-check/2.8.0",
    "requester": "/Users/zane/Documents/bantu/sinatra-fe",
    "status": "found_in_store"
  },
  "18 warn pnpm:install-check": {
    "message": "Unsupported engine for registry.npmjs.org/eslint/8.20.0: wanted: {\"node\":\"^12.22.0 || ^14.17.0 || >=16.0.0\"} (current: {\"node\":\"v15.14.0\",\"pnpm\":\"7.1.2\"})",
    "prefix": "/Users/zane/Documents/bantu/sinatra-fe"
  },
  "19 error pnpm": {
    "code": "ERR_PNPM_UNSUPPORTED_ENGINE",
    "packageId": "registry.npmjs.org/eslint/8.20.0",
    "wanted": {
      "node": "^12.22.0 || ^14.17.0 || >=16.0.0"
    },
    "current": {
      "node": "v15.14.0",
      "pnpm": "7.1.2"
    },
    "pkgsStack": [],
    "err": {
      "name": "pnpm",
      "message": "Unsupported engine for registry.npmjs.org/eslint/8.20.0: wanted: {\"node\":\"^12.22.0 || ^14.17.0 || >=16.0.0\"} (current: {\"node\":\"v15.14.0\",\"pnpm\":\"7.1.2\"})",
      "code": "ERR_PNPM_UNSUPPORTED_ENGINE",
      "stack": "pnpm: Unsupported engine for registry.npmjs.org/eslint/8.20.0: wanted: {\"node\":\"^12.22.0 || ^14.17.0 || >=16.0.0\"} (current: {\"node\":\"v15.14.0\",\"pnpm\":\"7.1.2\"})\n    at checkEngine (/Users/zane/.volta/tools/image/packages/pnpm/lib/node_modules/pnpm/dist/pnpm.cjs:41220:16)\n    at checkPackage (/Users/zane/.volta/tools/image/packages/pnpm/lib/node_modules/pnpm/dist/pnpm.cjs:43468:74)\n    at packageIsInstallable (/Users/zane/.volta/tools/image/packages/pnpm/lib/node_modules/pnpm/dist/pnpm.cjs:43438:20)\n    at resolveAndFetch (/Users/zane/.volta/tools/image/packages/pnpm/lib/node_modules/pnpm/dist/pnpm.cjs:91556:117)\n    at runMicrotasks (<anonymous>)\n    at processTicksAndRejections (node:internal/process/task_queues:94:5)\n    at async resolveDependency (/Users/zane/.volta/tools/image/packages/pnpm/lib/node_modules/pnpm/dist/pnpm.cjs:115795:23)\n    at async resolveDependenciesOfDependency (/Users/zane/.volta/tools/image/packages/pnpm/lib/node_modules/pnpm/dist/pnpm.cjs:115639:39)\n    at async Promise.all (index 5)\n    at async resolveDependencies (/Users/zane/.volta/tools/image/packages/pnpm/lib/node_modules/pnpm/dist/pnpm.cjs:115607:29)"
    }
  }
}